0 silly input [ 'publish' ]
1 silly flags { exact: true, message: 'Publish by MinDev', scope: 'wxc-ttt' }
2 verbose rootPath /Users/daiwei/Public/practice/min
3 silly isInitialized
4 silly isInitialized true
5 silly existsSync /Users/daiwei/Public/practice/min/VERSION
6 info scope wxc-ttt
7 silly initialize attempt
8 silly isDetachedHead
9 silly getCurrentBranch
10 verbose getCurrentBranch master
11 verbose isDetachedHead false
12 silly getCurrentBranch
13 verbose getCurrentBranch master
14 silly getUpdates
15 info Checking for updated packages...
16 silly hasTags
17 verbose hasTags true
18 silly getLastTag
19 verbose getLastTag wxc-ttt@1.0.1
20 info Comparing with wxc-ttt@1.0.1.
21 silly diffSinceIn wxc-ttt@1.0.1 packages/wxc-ttt
22 silly diff packages/wxc-ttt/src/index.wxc
23 verbose updated wxc-ttt
24 info Checking for prereleased packages...
25 silly collectDependents
26 silly isPackageDependentOf wxc-ttt wxc-ttt
27 silly collectUpdates
28 verbose has filtered update wxc-ttt
29 silly initialize success
30 silly execute attempt
31 silly runScriptSync preversion min
32 silly runScriptSync preversion wxc-ttt
33 silly runScriptSync version wxc-ttt
34 silly runScriptSync version min
35 silly addFile /Users/daiwei/Public/practice/min/packages/wxc-ttt/package.json
36 silly commit Publish by MinDev
36 silly commit
36 silly commit  - wxc-ttt@1.0.2
37 verbose commit [ 'commit',
37 verbose commit   '--no-verify',
37 verbose commit   '-F',
37 verbose commit   '/private/var/folders/gx/drz33fyn0xx80yrj2fnpywfc0000gn/T/04fb07fb-2797-4788-b918-05a6c9ab1110/lerna-commit.txt' ]
38 silly addTag wxc-ttt@1.0.2
39 silly runScriptSync postversion wxc-ttt
40 silly runScriptSync postversion min
41 info publish Publishing packages to npm...
42 silly existsSync /Users/daiwei/Public/practice/min/packages/wxc-ttt/scripts/prepublish.js
43 verbose execScript No prepublish script found at /Users/daiwei/Public/practice/min/packages/wxc-ttt/scripts/prepublish.js
44 verbose publishing wxc-ttt
45 silly publishTaggedInDir latest wxc-ttt
46 silly getExecOpts { cwd: '/Users/daiwei/Public/practice/min/packages/wxc-ttt' }
47 error publish Retrying failed publish: wxc-ttt
48 verbose publish error undefined
49 verbose publishing wxc-ttt
50 silly publishTaggedInDir latest wxc-ttt
51 silly getExecOpts { cwd: '/Users/daiwei/Public/practice/min/packages/wxc-ttt' }
52 error publish Retrying failed publish: wxc-ttt
53 verbose publish error undefined
54 verbose publishing wxc-ttt
55 silly publishTaggedInDir latest wxc-ttt
56 silly getExecOpts { cwd: '/Users/daiwei/Public/practice/min/packages/wxc-ttt' }
57 error publish Retrying failed publish: wxc-ttt
58 verbose publish error undefined
59 verbose publishing wxc-ttt
60 silly publishTaggedInDir latest wxc-ttt
61 silly getExecOpts { cwd: '/Users/daiwei/Public/practice/min/packages/wxc-ttt' }
62 error publish Retrying failed publish: wxc-ttt
63 verbose publish error undefined
64 verbose publishing wxc-ttt
65 silly publishTaggedInDir latest wxc-ttt
66 silly getExecOpts { cwd: '/Users/daiwei/Public/practice/min/packages/wxc-ttt' }
67 error publish Ran out of retries while publishing wxc-ttt Error: Command failed: npm publish --tag latest
67 error publish npm ERR! code ENEEDAUTH
67 error publish npm ERR! need auth auth required for publishing
67 error publish npm ERR! need auth You need to authorize this machine using `npm adduser`
67 error publish
67 error publish npm ERR! A complete log of this run can be found in:
67 error publish npm ERR!     /Users/daiwei/.npm/_logs/2018-08-30T08_01_03_166Z-debug.log
67 error publish
67 error publish     at Promise.all.then.arr (/Users/daiwei/.nvm/versions/node/v9.5.0/lib/node_modules/@mindev/min-cli/node_modules/execa/index.js:236:11)
67 error publish     at <anonymous>
67 error publish     at process._tickCallback (internal/process/next_tick.js:160:7)
68 error execute callback with error
69 error Error: Command failed: npm publish --tag latest
69 error npm ERR! code ENEEDAUTH
69 error npm ERR! need auth auth required for publishing
69 error npm ERR! need auth You need to authorize this machine using `npm adduser`
69 error
69 error npm ERR! A complete log of this run can be found in:
69 error npm ERR!     /Users/daiwei/.npm/_logs/2018-08-30T08_01_03_166Z-debug.log
69 error
69 error     at Promise.all.then.arr (/Users/daiwei/.nvm/versions/node/v9.5.0/lib/node_modules/@mindev/min-cli/node_modules/execa/index.js:236:11)
69 error     at <anonymous>
